<?xml version="1.0" encoding="UTF-8"?>
<testng-results ignored="0" total="1" passed="1" failed="0" skipped="0">
  <reporter-output>
  </reporter-output>
  <suite started-at="2023-02-09T15:45:19 IST" name="Suite" finished-at="2023-02-09T15:45:36 IST" duration-ms="17052">
    <groups>
    </groups>
    <test started-at="2023-02-09T15:45:19 IST" name="Test" finished-at="2023-02-09T15:45:36 IST" duration-ms="17052">
      <class name="com.onlinebooking.testcases.Test_HomePage">
        <test-method is-config="true" signature="beforesuite()[pri:0, instance:com.onlinebooking.testcases.Test_HomePage@5c5eefef]" started-at="2023-02-09T15:45:19 IST" name="beforesuite" finished-at="2023-02-09T15:45:19 IST" duration-ms="567" status="PASS">
          <reporter-output>
          </reporter-output>
        </test-method> <!-- beforesuite -->
        <test-method is-config="true" signature="beforeMethod(java.lang.String)[pri:0, instance:com.onlinebooking.testcases.Test_HomePage@5c5eefef]" started-at="2023-02-09T15:45:19 IST" name="beforeMethod" finished-at="2023-02-09T15:45:34 IST" duration-ms="15005" status="PASS">
          <params>
            <param index="0">
              <value>
                <![CDATA[chrome]]>
              </value>
            </param>
          </params>
          <reporter-output>
          </reporter-output>
        </test-method> <!-- beforeMethod -->
        <test-method signature="demoTest()[pri:0, instance:com.onlinebooking.testcases.Test_HomePage@5c5eefef]" started-at="2023-02-09T15:45:34 IST" name="demoTest" finished-at="2023-02-09T15:45:36 IST" duration-ms="1294" status="PASS">
          <reporter-output>
          </reporter-output>
        </test-method> <!-- demoTest -->
        <test-method is-config="true" signature="afterMethod()[pri:0, instance:com.onlinebooking.testcases.Test_HomePage@5c5eefef]" started-at="2023-02-09T15:45:36 IST" name="afterMethod" finished-at="2023-02-09T15:45:36 IST" duration-ms="656" status="PASS">
          <reporter-output>
          </reporter-output>
        </test-method> <!-- afterMethod -->
        <test-method is-config="true" signature="afterSuite()[pri:0, instance:com.onlinebooking.testcases.Test_HomePage@5c5eefef]" started-at="2023-02-09T15:45:36 IST" name="afterSuite" finished-at="2023-02-09T15:45:37 IST" duration-ms="691" status="PASS">
          <reporter-output>
          </reporter-output>
        </test-method> <!-- afterSuite -->
      </class> <!-- com.onlinebooking.testcases.Test_HomePage -->
    </test> <!-- Test -->
  </suite> <!-- Suite -->
</testng-results>
